SQL connection started
There is one instance of RootImageCanvas
3673.0588 / 1353.595
2989.691 / 1363.0565
2276.4695 / 1433.3523
1609.4635 / 1459.7866
There are 2 instances of RootImageCanvas
There is one instance of RootImageCanvas
There is one instance of RootImageCanvas
There are 2 instances of RootImageCanvas
3673.0588 / 1353.595
2989.691 / 1363.0565
2276.4695 / 1433.3523
1609.4635 / 1459.7866
There is one instance of RootImageCanvas
There are 2 instances of RootImageCanvas
There is one instance of RootImageCanvas
There are 2 instances of RootImageCanvas
There is one instance of RootImageCanvas
There are 2 instances of RootImageCanvas
There is one instance of RootImageCanvas
There are 2 instances of RootImageCanvas
There is one instance of RootImageCanvas
There are 2 instances of RootImageCanvas
There is one instance of RootImageCanvas
There are 2 instances of RootImageCanvas
There is one instance of RootImageCanvas
There are 2 instances of RootImageCanvas
There is one instance of RootImageCanvas
There are 2 instances of RootImageCanvas
There is one instance of RootImageCanvas
There are 2 instances of RootImageCanvas
There is one instance of RootImageCanvas
There are 2 instances of RootImageCanvas
There is one instance of RootImageCanvas
There are 2 instances of RootImageCanvas
There is one instance of RootImageCanvas
There are 2 instances of RootImageCanvas
There is one instance of RootImageCanvas
There are 2 instances of RootImageCanvas
There is one instance of RootImageCanvas
There are 2 instances of RootImageCanvas
There is one instance of RootImageCanvas
There are 2 instances of RootImageCanvas
There is one instance of RootImageCanvas
There are 2 instances of RootImageCanvas
There is one instance of RootImageCanvas
There are 2 instances of RootImageCanvas
There is one instance of RootImageCanvas
There are 2 instances of RootImageCanvas
There is one instance of RootImageCanvas
There are 2 instances of RootImageCanvas
There is one instance of RootImageCanvas
There are 2 instances of RootImageCanvas
There is one instance of RootImageCanvas
There are 2 instances of RootImageCanvas
There is one instance of RootImageCanvas
There are 2 instances of RootImageCanvas
There is one instance of RootImageCanvas
There are 2 instances of RootImageCanvas
There is one instance of RootImageCanvas
There are 2 instances of RootImageCanvas
There is one instance of RootImageCanvas
There are 2 instances of RootImageCanvas
There is one instance of RootImageCanvas
There are 2 instances of RootImageCanvas
There is one instance of RootImageCanvas
There are 2 instances of RootImageCanvas
There is one instance of RootImageCanvas
There are 2 instances of RootImageCanvas
There is one instance of RootImageCanvas
There are 2 instances of RootImageCanvas
There is one instance of RootImageCanvas
There are 2 instances of RootImageCanvas
There is one instance of RootImageCanvas
There are 2 instances of RootImageCanvas
There is one instance of RootImageCanvas
There are 2 instances of RootImageCanvas
There is one instance of RootImageCanvas
There are 2 instances of RootImageCanvas
There is one instance of RootImageCanvas
There are 2 instances of RootImageCanvas
There is one instance of RootImageCanvas
There are 2 instances of RootImageCanvas
There is one instance of RootImageCanvas
There are 2 instances of RootImageCanvas
There is one instance of RootImageCanvas
There are 2 instances of RootImageCanvas
There is one instance of RootImageCanvas
There are 2 instances of RootImageCanvas
There is one instance of RootImageCanvas
There are 2 instances of RootImageCanvas
There is one instance of RootImageCanvas
There are 2 instances of RootImageCanvas
There is one instance of RootImageCanvas
There are 2 instances of RootImageCanvas
There is one instance of RootImageCanvas
There are 2 instances of RootImageCanvas
There is one instance of RootImageCanvas
There are 2 instances of RootImageCanvas
There is one instance of RootImageCanvas
There are 2 instances of RootImageCanvas
There is one instance of RootImageCanvas
There are 2 instances of RootImageCanvas
There is one instance of RootImageCanvas
There are 2 instances of RootImageCanvas
There is one instance of RootImageCanvas
There are 2 instances of RootImageCanvas
There is one instance of RootImageCanvas
There are 2 instances of RootImageCanvas
There is one instance of RootImageCanvas
There are 2 instances of RootImageCanvas
There is one instance of RootImageCanvas
There are 2 instances of RootImageCanvas
There is one instance of RootImageCanvas
There are 2 instances of RootImageCanvas
There is one instance of RootImageCanvas
There are 2 instances of RootImageCanvas
There is one instance of RootImageCanvas
There are 2 instances of RootImageCanvas
There is one instance of RootImageCanvas
There are 2 instances of RootImageCanvas
There is one instance of RootImageCanvas
There are 2 instances of RootImageCanvas
There is one instance of RootImageCanvas
There are 2 instances of RootImageCanvas
There is one instance of RootImageCanvas
There are 2 instances of RootImageCanvas
There is one instance of RootImageCanvas
There are 2 instances of RootImageCanvas
There is one instance of RootImageCanvas
There are 2 instances of RootImageCanvas
There is one instance of RootImageCanvas
There are 2 instances of RootImageCanvas
There is one instance of RootImageCanvas
There are 2 instances of RootImageCanvas
There is one instance of RootImageCanvas
There are 2 instances of RootImageCanvas
There is one instance of RootImageCanvas
There are 2 instances of RootImageCanvas
There is one instance of RootImageCanvas
There are 2 instances of RootImageCanvas
There is one instance of RootImageCanvas
There are 2 instances of RootImageCanvas
There is one instance of RootImageCanvas
There are 2 instances of RootImageCanvas
There is one instance of RootImageCanvas
There are 2 instances of RootImageCanvas
There is one instance of RootImageCanvas
There are 2 instances of RootImageCanvas
There is one instance of RootImageCanvas
There are 2 instances of RootImageCanvas
There is one instance of RootImageCanvas
There are 2 instances of RootImageCanvas
There is one instance of RootImageCanvas
There is one instance of RootImageCanvas
There is one instance of RootImageCanvas
There is one instance of RootImageCanvas
There is one instance of RootImageCanvas
There is one instance of RootImageCanvas
There is one instance of RootImageCanvas
There is one instance of RootImageCanvas
There is one instance of RootImageCanvas
There is one instance of RootImageCanvas
There is one instance of RootImageCanvas
There is one instance of RootImageCanvas
There is one instance of RootImageCanvas
There is one instance of RootImageCanvas
There is one instance of RootImageCanvas
There is one instance of RootImageCanvas
There is one instance of RootImageCanvas
There is one instance of RootImageCanvas
There is one instance of RootImageCanvas
There is one instance of RootImageCanvas
There is one instance of RootImageCanvas
There is one instance of RootImageCanvas
There is one instance of RootImageCanvas
There is one instance of RootImageCanvas
There is one instance of RootImageCanvas
There is one instance of RootImageCanvas
There is one instance of RootImageCanvas
There is one instance of RootImageCanvas
There is one instance of RootImageCanvas
There is one instance of RootImageCanvas
There is one instance of RootImageCanvas
There is one instance of RootImageCanvas
There is one instance of RootImageCanvas
There is one instance of RootImageCanvas
There is one instance of RootImageCanvas
There is one instance of RootImageCanvas
There is one instance of RootImageCanvas
There is one instance of RootImageCanvas
There is one instance of RootImageCanvas
There is one instance of RootImageCanvas
There is one instance of RootImageCanvas
There is one instance of RootImageCanvas
There is one instance of RootImageCanvas
There is one instance of RootImageCanvas
There is one instance of RootImageCanvas
There is one instance of RootImageCanvas
There is one instance of RootImageCanvas
There is one instance of RootImageCanvas
There is one instance of RootImageCanvas
There is one instance of RootImageCanvas
There is one instance of RootImageCanvas
There is one instance of RootImageCanvas
There is one instance of RootImageCanvas
There is one instance of RootImageCanvas
There is one instance of RootImageCanvas
There is one instance of RootImageCanvas
There is one instance of RootImageCanvas
There is one instance of RootImageCanvas
There is one instance of RootImageCanvas
There is one instance of RootImageCanvas
There is one instance of RootImageCanvas
There is one instance of RootImageCanvas
There is one instance of RootImageCanvas
There is one instance of RootImageCanvas
There is one instance of RootImageCanvas
There is one instance of RootImageCanvas
There is one instance of RootImageCanvas
There is one instance of RootImageCanvas
There is one instance of RootImageCanvas
There is one instance of RootImageCanvas
There is one instance of RootImageCanvas
There are 2 instances of RootImageCanvas
3673.0588 / 1353.595
2989.691 / 1363.0565
2276.4695 / 1433.3523
1586.8135 / 1407.5404
There is one instance of RootImageCanvas
SQL connection closed
